<?xml version="1.0" encoding="UTF-8"?>
<!-- Generated by org.testng.reporters.JUnitReportReporter -->
<testsuite hostname="Daisy" failures="0" tests="1" name="actitime.testScript.SettingsActitimeAssignment" time="20.463" errors="0" timestamp="2023-03-28T00:23:46 IST" skipped="0">
  <testcase classname="actitime.testScript.SettingsActitimeAssignment" name="actitimeSettings" time="20.463"/>
  <system-out/>
</testsuite> <!-- actitime.testScript.SettingsActitimeAssignment -->
