<?xml version="1.0" encoding="UTF-8"?>
<!-- Generated by org.testng.reporters.JUnitReportReporter -->
<testsuite hostname="Daisy" failures="0" tests="2" name="actitime.testscript.DropdownHandling" time="60.910" errors="0" timestamp="2023-03-30T21:23:51 IST" skipped="0">
  <testcase classname="actitime.testscript.DropdownHandling" name="handleDropdown" time="41.884"/>
  <system-out>
    <![CDATA[MODIFICATIONS NOT SAVED]]>
  </system-out>
  <testcase classname="actitime.testscript.DropdownHandling" name="handleDropdown" time="19.026"/>
  <system-out>
    <![CDATA[MODIFICATIONS NOT SAVED]]>
  </system-out>
</testsuite> <!-- actitime.testscript.DropdownHandling -->
