<?xml version="1.0" encoding="UTF-8"?>
<!-- Generated by org.testng.reporters.JUnitReportReporter -->
<testsuite hostname="Daisy" failures="0" tests="1" name="actitime.testScript.DropdownHandleAssignment" time="35.940" errors="0" timestamp="2023-03-29T10:56:40 IST" skipped="0">
  <testcase classname="actitime.testScript.DropdownHandleAssignment" name="handleDropdown" time="35.940"/>
  <system-out>
    <![CDATA[MODIFICATIONS NOT SAVED]]>
  </system-out>
</testsuite> <!-- actitime.testScript.DropdownHandleAssignment -->
